<?xml version="1.0" encoding="UTF-8"?>
<testng-results ignored="0" total="3" passed="3" failed="0" skipped="0">
  <reporter-output>
  </reporter-output>
  <suite started-at="2022-05-05T11:50:58 IST" name="Suite" finished-at="2022-05-05T11:51:45 IST" duration-ms="47078">
    <groups>
    </groups>
    <test started-at="2022-05-05T11:50:58 IST" name="Test" finished-at="2022-05-05T11:51:45 IST" duration-ms="47078">
      <class name="com.TestCases.OrangeHRM">
        <test-method is-config="true" signature="Report()[pri:0, instance:com.TestCases.OrangeHRM@2f54a33d]" started-at="2022-05-05T11:50:57 IST" name="Report" finished-at="2022-05-05T11:50:58 IST" duration-ms="959" status="PASS">
          <reporter-output>
          </reporter-output>
        </test-method> <!-- Report -->
        <test-method is-config="true" signature="setup()[pri:0, instance:com.TestCases.OrangeHRM@2f54a33d]" started-at="2022-05-05T11:50:58 IST" name="setup" finished-at="2022-05-05T11:51:14 IST" duration-ms="15815" status="PASS">
          <reporter-output>
          </reporter-output>
        </test-method> <!-- setup -->
        <test-method signature="loginPageTest()[pri:0, instance:com.TestCases.OrangeHRM@2f54a33d]" started-at="2022-05-05T11:51:14 IST" name="loginPageTest" finished-at="2022-05-05T11:51:14 IST" duration-ms="222" status="PASS">
          <reporter-output>
          </reporter-output>
        </test-method> <!-- loginPageTest -->
        <test-method is-config="true" signature="tearDown()[pri:0, instance:com.TestCases.OrangeHRM@2f54a33d]" started-at="2022-05-05T11:51:15 IST" name="tearDown" finished-at="2022-05-05T11:51:16 IST" duration-ms="1523" status="PASS">
          <reporter-output>
          </reporter-output>
        </test-method> <!-- tearDown -->
        <test-method is-config="true" signature="setup()[pri:0, instance:com.TestCases.OrangeHRM@2f54a33d]" started-at="2022-05-05T11:51:16 IST" name="setup" finished-at="2022-05-05T11:51:29 IST" duration-ms="12579" status="PASS">
          <reporter-output>
          </reporter-output>
        </test-method> <!-- setup -->
        <test-method signature="loginTest()[pri:0, instance:com.TestCases.OrangeHRM@2f54a33d]" started-at="2022-05-05T11:51:29 IST" name="loginTest" finished-at="2022-05-05T11:51:33 IST" duration-ms="4268" status="PASS">
          <reporter-output>
          </reporter-output>
        </test-method> <!-- loginTest -->
        <test-method is-config="true" signature="tearDown()[pri:0, instance:com.TestCases.OrangeHRM@2f54a33d]" started-at="2022-05-05T11:51:33 IST" name="tearDown" finished-at="2022-05-05T11:51:33 IST" duration-ms="603" status="PASS">
          <reporter-output>
          </reporter-output>
        </test-method> <!-- tearDown -->
        <test-method is-config="true" signature="setup()[pri:0, instance:com.TestCases.OrangeHRM@2f54a33d]" started-at="2022-05-05T11:51:33 IST" name="setup" finished-at="2022-05-05T11:51:45 IST" duration-ms="11290" status="PASS">
          <reporter-output>
          </reporter-output>
        </test-method> <!-- setup -->
        <test-method signature="sampleCase()[pri:0, instance:com.TestCases.OrangeHRM@2f54a33d]" started-at="2022-05-05T11:51:45 IST" name="sampleCase" finished-at="2022-05-05T11:51:45 IST" duration-ms="5" status="PASS">
          <reporter-output>
          </reporter-output>
        </test-method> <!-- sampleCase -->
        <test-method is-config="true" signature="tearDown()[pri:0, instance:com.TestCases.OrangeHRM@2f54a33d]" started-at="2022-05-05T11:51:45 IST" name="tearDown" finished-at="2022-05-05T11:51:45 IST" duration-ms="670" status="PASS">
          <reporter-output>
          </reporter-output>
        </test-method> <!-- tearDown -->
        <test-method is-config="true" signature="endReport()[pri:0, instance:com.TestCases.OrangeHRM@2f54a33d]" started-at="2022-05-05T11:51:46 IST" name="endReport" finished-at="2022-05-05T11:51:46 IST" duration-ms="775" status="PASS">
          <reporter-output>
          </reporter-output>
        </test-method> <!-- endReport -->
      </class> <!-- com.TestCases.OrangeHRM -->
    </test> <!-- Test -->
  </suite> <!-- Suite -->
</testng-results>
