<?xml version="1.0" encoding="UTF-8"?>
<testng-results ignored="0" total="3" passed="3" failed="0" skipped="0">
  <reporter-output>
  </reporter-output>
  <suite started-at="2022-05-04T10:38:32 IST" name="Suite" finished-at="2022-05-04T10:39:13 IST" duration-ms="41322">
    <groups>
    </groups>
    <test started-at="2022-05-04T10:38:32 IST" name="Test" finished-at="2022-05-04T10:39:13 IST" duration-ms="41322">
      <class name="com.TestCases.OrangeHRM">
        <test-method is-config="true" signature="Report()[pri:0, instance:com.TestCases.OrangeHRM@2f54a33d]" started-at="2022-05-04T10:38:31 IST" name="Report" finished-at="2022-05-04T10:38:32 IST" duration-ms="471" status="PASS">
          <reporter-output>
          </reporter-output>
        </test-method> <!-- Report -->
        <test-method is-config="true" signature="setup()[pri:0, instance:com.TestCases.OrangeHRM@2f54a33d]" started-at="2022-05-04T10:38:32 IST" name="setup" finished-at="2022-05-04T10:38:46 IST" duration-ms="14283" status="PASS">
          <reporter-output>
          </reporter-output>
        </test-method> <!-- setup -->
        <test-method signature="loginPageTest()[pri:0, instance:com.TestCases.OrangeHRM@2f54a33d]" started-at="2022-05-04T10:38:46 IST" name="loginPageTest" finished-at="2022-05-04T10:38:46 IST" duration-ms="119" status="PASS">
          <reporter-output>
          </reporter-output>
        </test-method> <!-- loginPageTest -->
        <test-method is-config="true" signature="tearDown()[pri:0, instance:com.TestCases.OrangeHRM@2f54a33d]" started-at="2022-05-04T10:38:46 IST" name="tearDown" finished-at="2022-05-04T10:38:47 IST" duration-ms="198" status="PASS">
          <reporter-output>
          </reporter-output>
        </test-method> <!-- tearDown -->
        <test-method is-config="true" signature="setup()[pri:0, instance:com.TestCases.OrangeHRM@2f54a33d]" started-at="2022-05-04T10:38:47 IST" name="setup" finished-at="2022-05-04T10:38:56 IST" duration-ms="9629" status="PASS">
          <reporter-output>
          </reporter-output>
        </test-method> <!-- setup -->
        <test-method signature="loginTest()[pri:0, instance:com.TestCases.OrangeHRM@2f54a33d]" started-at="2022-05-04T10:38:56 IST" name="loginTest" finished-at="2022-05-04T10:39:03 IST" duration-ms="6905" status="PASS">
          <reporter-output>
          </reporter-output>
        </test-method> <!-- loginTest -->
        <test-method is-config="true" signature="tearDown()[pri:0, instance:com.TestCases.OrangeHRM@2f54a33d]" started-at="2022-05-04T10:39:03 IST" name="tearDown" finished-at="2022-05-04T10:39:03 IST" duration-ms="240" status="PASS">
          <reporter-output>
          </reporter-output>
        </test-method> <!-- tearDown -->
        <test-method is-config="true" signature="setup()[pri:0, instance:com.TestCases.OrangeHRM@2f54a33d]" started-at="2022-05-04T10:39:03 IST" name="setup" finished-at="2022-05-04T10:39:13 IST" duration-ms="9461" status="PASS">
          <reporter-output>
          </reporter-output>
        </test-method> <!-- setup -->
        <test-method signature="sampleCase()[pri:0, instance:com.TestCases.OrangeHRM@2f54a33d]" started-at="2022-05-04T10:39:13 IST" name="sampleCase" finished-at="2022-05-04T10:39:13 IST" duration-ms="4" status="PASS">
          <reporter-output>
          </reporter-output>
        </test-method> <!-- sampleCase -->
        <test-method is-config="true" signature="tearDown()[pri:0, instance:com.TestCases.OrangeHRM@2f54a33d]" started-at="2022-05-04T10:39:13 IST" name="tearDown" finished-at="2022-05-04T10:39:13 IST" duration-ms="326" status="PASS">
          <reporter-output>
          </reporter-output>
        </test-method> <!-- tearDown -->
        <test-method is-config="true" signature="endReport()[pri:0, instance:com.TestCases.OrangeHRM@2f54a33d]" started-at="2022-05-04T10:39:13 IST" name="endReport" finished-at="2022-05-04T10:39:14 IST" duration-ms="908" status="PASS">
          <reporter-output>
          </reporter-output>
        </test-method> <!-- endReport -->
      </class> <!-- com.TestCases.OrangeHRM -->
    </test> <!-- Test -->
  </suite> <!-- Suite -->
</testng-results>
