<?xml version="1.0" encoding="UTF-8"?>
<!-- Generated by org.testng.reporters.JUnitXMLReporter -->
<testsuite ignored="0" hostname="HP-PC" failures="2" tests="3" name="Test" time="26.38" errors="0" timestamp="2022-05-05T11:54:14 IST">
  <testcase classname="com.TestCases.OrangeHRM" name="loginPageTest" time="0.214"/>
  <testcase classname="com.TestCases.OrangeHRM" name="loginTest" time="3.966">
    <failure type="java.lang.AssertionError" message="expected [OrangeHR] but found [OrangeHRM]">
      <![CDATA[java.lang.AssertionError: expected [OrangeHR] but found [OrangeHRM]
at com.TestCases.OrangeHRM.loginTest(OrangeHRM.java:30)
at java.base/java.util.ArrayList.forEach(ArrayList.java:1541)
... Removed 32 stack frames]]>
    </failure>
  </testcase> <!-- loginTest -->
  <testcase classname="com.TestCases.OrangeHRM" name="loginTest" time="14.2">
    <failure type="java.lang.NullPointerException">
      <![CDATA[java.lang.NullPointerException
at com.baseClass.BaseClass.screenShot(BaseClass.java:61)
at com.Listener.ListenerClass.onTestFailure(ListenerClass.java:31)
at java.base/java.util.ArrayList.forEach(ArrayList.java:1541)
... Removed 24 stack frames]]>
    </failure>
  </testcase> <!-- loginTest -->
</testsuite> <!-- Test -->
