<?xml version="1.0" encoding="UTF-8"?>
<!-- Generated by org.testng.reporters.JUnitXMLReporter -->
<testsuite ignored="0" hostname="HP-PC" failures="0" tests="3" name="Test" time="41.322" errors="0" timestamp="2022-05-04T10:39:13 IST">
  <testcase classname="com.TestCases.OrangeHRM" name="loginPageTest" time="0.119"/>
  <testcase classname="com.TestCases.OrangeHRM" name="loginTest" time="6.905"/>
  <testcase classname="com.TestCases.OrangeHRM" name="sampleCase" time="0.004"/>
</testsuite> <!-- Test -->
